<?xml version="1.0" encoding="UTF-8"?>
<!-- Generated by org.testng.reporters.JUnitXMLReporter -->
<testsuite hostname="COV-JQORRI-MBP.fios-router.home" ignored="0" name="Command line test" tests="7" failures="2" timestamp="07 Jan 2020 20:00:50 GMT" time="0.388" errors="0">
  <testcase name="runScenario" time="0.196" classname="io.cucumber.testng.AbstractTestNGCucumberTests"/>
  <testcase name="runScenario" time="0.195" classname="io.cucumber.testng.AbstractTestNGCucumberTests"/>
  <testcase name="runScenario" time="0.195" classname="io.cucumber.testng.AbstractTestNGCucumberTests"/>
  <testcase name="runScenario" time="0.195" classname="io.cucumber.testng.AbstractTestNGCucumberTests"/>
  <testcase name="runScenario" time="0.195" classname="io.cucumber.testng.AbstractTestNGCucumberTests"/>
  <testcase name="runScenario" time="0.211" classname="io.cucumber.testng.AbstractTestNGCucumberTests">
    <failure type="cucumber.runtime.CucumberException" message="There are undefined steps">
      <![CDATA[cucumber.runtime.CucumberException: There are undefined steps
at io.cucumber.testng.TestCaseResultListener.getError(TestCaseResultListener.java:58)
at io.cucumber.testng.TestNGCucumberRunner.runScenario(TestNGCucumberRunner.java:83)
at io.cucumber.testng.AbstractTestNGCucumberTests.runScenario(AbstractTestNGCucumberTests.java:24)
at java.util.concurrent.FutureTask.run(FutureTask.java:266)
at java.util.concurrent.Executors$RunnableAdapter.call(Executors.java:511)
at java.util.concurrent.FutureTask.run(FutureTask.java:266)
at java.util.concurrent.ThreadPoolExecutor.runWorker(ThreadPoolExecutor.java:1149)
at java.util.concurrent.ThreadPoolExecutor$Worker.run(ThreadPoolExecutor.java:624)
at java.lang.Thread.run(Thread.java:748)
... Removed 9 stack frames]]>
    </failure>
  </testcase> <!-- runScenario -->
  <testcase name="runScenario" time="0.213" classname="io.cucumber.testng.AbstractTestNGCucumberTests">
    <failure type="cucumber.runtime.CucumberException" message="There are undefined steps">
      <![CDATA[cucumber.runtime.CucumberException: There are undefined steps
at io.cucumber.testng.TestCaseResultListener.getError(TestCaseResultListener.java:58)
at io.cucumber.testng.TestNGCucumberRunner.runScenario(TestNGCucumberRunner.java:83)
at io.cucumber.testng.AbstractTestNGCucumberTests.runScenario(AbstractTestNGCucumberTests.java:24)
at java.util.concurrent.FutureTask.run(FutureTask.java:266)
at java.util.concurrent.Executors$RunnableAdapter.call(Executors.java:511)
at java.util.concurrent.FutureTask.run(FutureTask.java:266)
at java.util.concurrent.ThreadPoolExecutor.runWorker(ThreadPoolExecutor.java:1149)
at java.util.concurrent.ThreadPoolExecutor$Worker.run(ThreadPoolExecutor.java:624)
at java.lang.Thread.run(Thread.java:748)
... Removed 9 stack frames]]>
    </failure>
  </testcase> <!-- runScenario -->
</testsuite> <!-- Command line test -->
